<?xml version="1.0" encoding="UTF-8"?>
<!-- Generated by org.testng.reporters.JUnitReportReporter -->
<testsuite skipped="8" hostname="Priyanka-PC" name="com.keywordframework.browser.general_test_cases" tests="11" failures="0" timestamp="21 Mar 2020 21:52:03 GMT" time="29.631" errors="1">
  <testcase name="tc_008" time="3.498" classname="com.keywordframework.browser.general_test_cases">
    <error type="org.openqa.selenium.ElementClickInterceptedException" message="element click intercepted: Element &lt;input type=&quot;text&quot; id=&quot;onward_cal&quot; class=&quot;db&quot; readonly=&quot;readonly&quot; tabindex=&quot;3&quot; data-caleng=&quot;&quot;&gt; is not clickable at point (747, 239). Other element would receive the click: &lt;label for=&quot;onward_cal&quot; class=&quot;db text-trans-uc&quot;&gt;...&lt;/label&gt;
  (Session info: chrome=80.0.3987.149)
Build info: version: &#039;3.14.0&#039;, revision: &#039;aacccce0&#039;, time: &#039;2018-08-02T20:19:58.91Z&#039;
System info: host: &#039;PRIYANKA-PC&#039;, ip: &#039;192.168.42.168&#039;, os.name: &#039;Windows 7&#039;, os.arch: &#039;amd64&#039;, os.version: &#039;6.1&#039;, java.version: &#039;1.8.0_231&#039;
Driver info: org.openqa.selenium.chrome.ChromeDriver
Capabilities {acceptInsecureCerts: false, browserName: chrome, browserVersion: 80.0.3987.149, chrome: {chromedriverVersion: 80.0.3987.106 (f68069574609..., userDataDir: C:\Users\Priyanka\AppData\L...}, goog:chromeOptions: {debuggerAddress: localhost:54596}, javascriptEnabled: true, networkConnectionEnabled: false, pageLoadStrategy: normal, platform: WINDOWS, platformName: WINDOWS, proxy: Proxy(), setWindowRect: true, strictFileInteractability: false, timeouts: {implicit: 0, pageLoad: 300000, script: 30000}, unhandledPromptBehavior: dismiss and notify}
Session ID: fa4d0a8f11a6f0a93a6e7b7b53701fb3">
      <![CDATA[org.openqa.selenium.ElementClickInterceptedException: element click intercepted: Element <input type="text" id="onward_cal" class="db" readonly="readonly" tabindex="3" data-caleng=""> is not clickable at point (747, 239). Other element would receive the click: <label for="onward_cal" class="db text-trans-uc">...</label>
  (Session info: chrome=80.0.3987.149)
Build info: version: '3.14.0', revision: 'aacccce0', time: '2018-08-02T20:19:58.91Z'
System info: host: 'PRIYANKA-PC', ip: '192.168.42.168', os.name: 'Windows 7', os.arch: 'amd64', os.version: '6.1', java.version: '1.8.0_231'
Driver info: org.openqa.selenium.chrome.ChromeDriver
Capabilities {acceptInsecureCerts: false, browserName: chrome, browserVersion: 80.0.3987.149, chrome: {chromedriverVersion: 80.0.3987.106 (f68069574609..., userDataDir: C:\Users\Priyanka\AppData\L...}, goog:chromeOptions: {debuggerAddress: localhost:54596}, javascriptEnabled: true, networkConnectionEnabled: false, pageLoadStrategy: normal, platform: WINDOWS, platformName: WINDOWS, proxy: Proxy(), setWindowRect: true, strictFileInteractability: false, timeouts: {implicit: 0, pageLoad: 300000, script: 30000}, unhandledPromptBehavior: dismiss and notify}
Session ID: fa4d0a8f11a6f0a93a6e7b7b53701fb3
at sun.reflect.NativeConstructorAccessorImpl.newInstance0(Native Method)
at sun.reflect.NativeConstructorAccessorImpl.newInstance(NativeConstructorAccessorImpl.java:62)
at sun.reflect.DelegatingConstructorAccessorImpl.newInstance(DelegatingConstructorAccessorImpl.java:45)
at java.lang.reflect.Constructor.newInstance(Constructor.java:423)
at org.openqa.selenium.remote.http.W3CHttpResponseCodec.createException(W3CHttpResponseCodec.java:187)
at org.openqa.selenium.remote.http.W3CHttpResponseCodec.decode(W3CHttpResponseCodec.java:122)
at org.openqa.selenium.remote.http.W3CHttpResponseCodec.decode(W3CHttpResponseCodec.java:49)
at org.openqa.selenium.remote.HttpCommandExecutor.execute(HttpCommandExecutor.java:158)
at org.openqa.selenium.remote.service.DriverCommandExecutor.execute(DriverCommandExecutor.java:83)
at org.openqa.selenium.remote.RemoteWebDriver.execute(RemoteWebDriver.java:548)
at org.openqa.selenium.remote.RemoteWebElement.execute(RemoteWebElement.java:276)
at org.openqa.selenium.remote.RemoteWebElement.click(RemoteWebElement.java:83)
at com.keywordframework.browser.browser_keyword.clickOnElementPerformOperationOnCurrentWindow(browser_keyword.java:171)
at com.keywordframework.browser.general_test_cases.tc_008(general_test_cases.java:80)
at sun.reflect.NativeMethodAccessorImpl.invoke0(Native Method)
at sun.reflect.NativeMethodAccessorImpl.invoke(NativeMethodAccessorImpl.java:62)
at sun.reflect.DelegatingMethodAccessorImpl.invoke(DelegatingMethodAccessorImpl.java:43)
at java.lang.reflect.Method.invoke(Method.java:498)
at org.testng.internal.MethodInvocationHelper.invokeMethod(MethodInvocationHelper.java:124)
at org.testng.internal.Invoker.invokeMethod(Invoker.java:583)
at org.testng.internal.Invoker.invokeTestMethod(Invoker.java:719)
at org.testng.internal.Invoker.invokeTestMethods(Invoker.java:989)
at org.testng.internal.TestMethodWorker.invokeTestMethods(TestMethodWorker.java:125)
at org.testng.internal.TestMethodWorker.run(TestMethodWorker.java:109)
at org.testng.TestRunner.privateRun(TestRunner.java:648)
at org.testng.TestRunner.run(TestRunner.java:505)
at org.testng.SuiteRunner.runTest(SuiteRunner.java:455)
at org.testng.SuiteRunner.runSequentially(SuiteRunner.java:450)
at org.testng.SuiteRunner.privateRun(SuiteRunner.java:415)
at org.testng.SuiteRunner.run(SuiteRunner.java:364)
at org.testng.SuiteRunnerWorker.runSuite(SuiteRunnerWorker.java:52)
at org.testng.SuiteRunnerWorker.run(SuiteRunnerWorker.java:84)
at org.testng.TestNG.runSuitesSequentially(TestNG.java:1208)
at org.testng.TestNG.runSuitesLocally(TestNG.java:1137)
at org.testng.TestNG.runSuites(TestNG.java:1049)
at org.testng.TestNG.run(TestNG.java:1017)
at org.testng.remote.AbstractRemoteTestNG.run(AbstractRemoteTestNG.java:115)
at org.testng.remote.RemoteTestNG.initAndRun(RemoteTestNG.java:251)
at org.testng.remote.RemoteTestNG.main(RemoteTestNG.java:77)
]]>
    </error>
  </testcase> <!-- tc_008 -->
  <testcase name="tc_001" time="15.207" classname="com.keywordframework.browser.general_test_cases"/>
  <testcase name="tc_002" time="10.926" classname="com.keywordframework.browser.general_test_cases"/>
  <testcase name="tc_006" classname="com.keywordframework.browser.general_test_cases">
    <skipped/>
  </testcase> <!-- tc_006 -->
  <testcase name="tc_005" classname="com.keywordframework.browser.general_test_cases">
    <skipped/>
  </testcase> <!-- tc_005 -->
  <testcase name="tc_007" classname="com.keywordframework.browser.general_test_cases">
    <skipped/>
  </testcase> <!-- tc_007 -->
  <testcase name="tc_004" classname="com.keywordframework.browser.general_test_cases">
    <skipped/>
  </testcase> <!-- tc_004 -->
  <testcase name="tc_003" classname="com.keywordframework.browser.general_test_cases">
    <skipped/>
  </testcase> <!-- tc_003 -->
  <testcase name="tc_0010" classname="com.keywordframework.browser.general_test_cases">
    <skipped/>
  </testcase> <!-- tc_0010 -->
  <testcase name="tc_011" classname="com.keywordframework.browser.general_test_cases">
    <skipped/>
  </testcase> <!-- tc_011 -->
  <testcase name="tc_009" classname="com.keywordframework.browser.general_test_cases">
    <skipped/>
  </testcase> <!-- tc_009 -->
</testsuite> <!-- com.keywordframework.browser.general_test_cases -->
